Flutter crash report; please file at https://github.com/flutter/flutter/issues.

## command

flutter run -d emu

## exception

ProcessException: ProcessException: Process "/home/abdelazeem/Android/Sdk/platform-tools/adb" exited abnormally:
cmd: Can't find service: package
  Command: /home/abdelazeem/Android/Sdk/platform-tools/adb -s emulator-5554 uninstall com.example.post

```
#0      runCheckedAsync (package:flutter_tools/src/base/process.dart:259:7)
<asynchronous suspension>
#1      AndroidDevice.uninstallApp (package:flutter_tools/src/android/android_device.dart:343:40)
<asynchronous suspension>
#2      AndroidDevice._installLatestApp (package:flutter_tools/src/android/android_device.dart:367:20)
<asynchronous suspension>
#3      AndroidDevice.startApp (package:flutter_tools/src/android/android_device.dart:445:16)
<asynchronous suspension>
#4      FlutterDevice.runHot (package:flutter_tools/src/resident_runner.dart:371:54)
<asynchronous suspension>
#5      HotRunner.run (package:flutter_tools/src/run_hot.dart:251:39)
<asynchronous suspension>
#6      RunCommand.runCommand (package:flutter_tools/src/commands/run.dart:469:37)
<asynchronous suspension>
#7      FlutterCommand.verifyThenRunCommand (package:flutter_tools/src/runner/flutter_command.dart:478:18)
<asynchronous suspension>
#8      FlutterCommand.run.<anonymous closure> (package:flutter_tools/src/runner/flutter_command.dart:383:33)
<asynchronous suspension>
#9      AppContext.run.<anonymous closure> (package:flutter_tools/src/base/context.dart:153:29)
<asynchronous suspension>
#10     _rootRun (dart:async/zone.dart:1124:13)
#11     _CustomZone.run (dart:async/zone.dart:1021:19)
#12     _runZoned (dart:async/zone.dart:1516:10)
#13     runZoned (dart:async/zone.dart:1463:12)
#14     AppContext.run (package:flutter_tools/src/base/context.dart:152:18)
<asynchronous suspension>
#15     FlutterCommand.run (package:flutter_tools/src/runner/flutter_command.dart:375:20)
#16     CommandRunner.runCommand (package:args/command_runner.dart:197:27)
<asynchronous suspension>
#17     FlutterCommandRunner.runCommand.<anonymous closure> (package:flutter_tools/src/runner/flutter_command_runner.dart:396:21)
<asynchronous suspension>
#18     AppContext.run.<anonymous closure> (package:flutter_tools/src/base/context.dart:153:29)
<asynchronous suspension>
#19     _rootRun (dart:async/zone.dart:1124:13)
#20     _CustomZone.run (dart:async/zone.dart:1021:19)
#21     _runZoned (dart:async/zone.dart:1516:10)
#22     runZoned (dart:async/zone.dart:1463:12)
#23     AppContext.run (package:flutter_tools/src/base/context.dart:152:18)
<asynchronous suspension>
#24     FlutterCommandRunner.runCommand (package:flutter_tools/src/runner/flutter_command_runner.dart:356:19)
<asynchronous suspension>
#25     CommandRunner.run.<anonymous closure> (package:args/command_runner.dart:112:25)
#26     new Future.sync (dart:async/future.dart:224:31)
#27     CommandRunner.run (package:args/command_runner.dart:112:14)
#28     FlutterCommandRunner.run (package:flutter_tools/src/runner/flutter_command_runner.dart:242:18)
#29     run.<anonymous closure>.<anonymous closure> (package:flutter_tools/runner.dart:62:22)
<asynchronous suspension>
#30     _rootRun (dart:async/zone.dart:1124:13)
#31     _CustomZone.run (dart:async/zone.dart:1021:19)
#32     _runZoned (dart:async/zone.dart:1516:10)
#33     runZoned (dart:async/zone.dart:1500:12)
#34     run.<anonymous closure> (package:flutter_tools/runner.dart:60:18)
<asynchronous suspension>
#35     AppContext.run.<anonymous closure> (package:flutter_tools/src/base/context.dart:153:29)
<asynchronous suspension>
#36     _rootRun (dart:async/zone.dart:1124:13)
#37     _CustomZone.run (dart:async/zone.dart:1021:19)
#38     _runZoned (dart:async/zone.dart:1516:10)
#39     runZoned (dart:async/zone.dart:1463:12)
#40     AppContext.run (package:flutter_tools/src/base/context.dart:152:18)
<asynchronous suspension>
#41     runInContext (package:flutter_tools/src/context_runner.dart:56:24)
<asynchronous suspension>
#42     run (package:flutter_tools/runner.dart:51:10)
#43     main (package:flutter_tools/executable.dart:62:9)
<asynchronous suspension>
#44     main (file:///home/abdelazeem/flutter/packages/flutter_tools/bin/flutter_tools.dart:8:3)
#45     _startIsolate.<anonymous closure> (dart:isolate-patch/isolate_patch.dart:299:32)
#46     _RawReceivePortImpl._handleMessage (dart:isolate-patch/isolate_patch.dart:172:12)
```

## flutter doctor

```
[32m[✓][39m Flutter (Channel stable, v1.7.8+hotfix.4, on Linux, locale
    en_US.UTF-8)
    [32m•[39m Flutter version 1.7.8+hotfix.4 at /home/abdelazeem/flutter
    [32m•[39m Framework revision 20e59316b8 (9 days ago), 2019-07-18 20:04:33
      -0700
    [32m•[39m Engine revision fee001c93f
    [32m•[39m Dart version 2.4.0

[33m[!][39m Android toolchain - develop for Android devices (Android SDK version
    28.0.3)
    [32m•[39m Android SDK at /home/abdelazeem/Android/Sdk
    [32m•[39m Android NDK location not configured (optional; useful for native
      profiling support)
    [32m•[39m Platform android-29, build-tools 28.0.3
    [32m•[39m Java binary at:
      /snap/android-studio/77/android-studio/jre/bin/java
    [32m•[39m Java version OpenJDK Runtime Environment (build
      1.8.0_152-release-1343-b16-5323222)
    [31m✗[39m Android license status unknown.
      Try re-installing or updating your Android SDK Manager.
      See https://developer.android.com/studio/#downloads or visit
      https://flutter.dev/setup/#android-setup for detailed
      instructions.

[32m[✓][39m Android Studio (version 3.4)
    [32m•[39m Android Studio at /snap/android-studio/77/android-studio
    [32m•[39m Flutter plugin version 37.1.1
    [32m•[39m Dart plugin version 183.6270
    [32m•[39m Java version OpenJDK Runtime Environment (build
      1.8.0_152-release-1343-b16-5323222)

[33m[!][39m IntelliJ IDEA Ultimate Edition (version 2018.3)
    [32m•[39m IntelliJ at
      /home/abdelazeem/Downloads/FlareGet/Compressed/ideaIU-2018.3.2/ide
      a-IU-183.4886.37
    [31m✗[39m Flutter plugin not installed; this adds Flutter specific
      functionality.
    [31m✗[39m Dart plugin not installed; this adds Dart specific functionality.
    [32m•[39m For information about installing plugins, see
      https://flutter.dev/intellij-setup/#installing-the-plugins

[32m[✓][39m VS Code (version 1.36.1)
    [32m•[39m VS Code at /usr/share/code
    [32m•[39m Flutter extension version 3.2.0

[32m[✓][39m Connected device (2 available)
    [32m•[39m Phantom6 Plus                • 01800106C0800727 • android-arm64 •
      Android 7.1.1 (API 25)
    [32m•[39m Android SDK built for x86 64 • emulator-5554    • android-x64   •
      Android 9 (API 28) (emulator)

[33m![39m Doctor found issues in 2 categories.
```
